<?xml version="1.0" encoding="UTF-8"?>
<testng-results skipped="0" failed="0" ignored="0" total="0" passed="0">
  <reporter-output>
  </reporter-output>
  <suite name="com.nopcommerce.demo.testbase.BaseTest" duration-ms="38" started-at="2023-05-08T13:58:19 BST" finished-at="2023-05-08T13:58:19 BST">
    <groups>
    </groups>
    <test name="Command line test" duration-ms="38" started-at="2023-05-08T13:58:19 BST" finished-at="2023-05-08T13:58:19 BST">
    </test> <!-- Command line test -->
  </suite> <!-- com.nopcommerce.demo.testbase.BaseTest -->
</testng-results>
